<?xml version="1.0" encoding="UTF-8"?>
<testsuite name="Nopcommerce Test"
           tests="2"
           failures="0"
           errors="0"
           skipped="0"
           time="25.611">
  <properties />
  
  
            <testcase name="verifyTheProductWillArrangeInDescendingOrder" time="5.376" classname="com.nopcommerce.page.testsuite.ComputerTest" />
                <testcase name="verifyProductAddedToShoppingCartSuccessFully" time="20.235" classname="com.nopcommerce.page.testsuite.ComputerTest" />
      
</testsuite>
